<?xml version="1.0" encoding="UTF-8"?>
<!-- Generated by org.testng.reporters.JUnitXMLReporter -->
<testsuite ignored="0" hostname="DESKTOP-0DVQV5K" failures="1" tests="1" name="Regression Test" time="91.91" errors="0" timestamp="2022-07-20T16:53:37 EET">
  <testcase classname="Tests.GymRequestTest" name="gymrequesttest" time="91.592">
    <failure type="org.openqa.selenium.ElementClickInterceptedException" message="Element &amp;lt;span id=&amp;quot;oj-select-1_selected&amp;quot; class=&amp;quot;oj-select-chosen oj-select-default&amp;quot;&amp;gt; is not clickable at point (177,193) because another element &amp;lt;div class=&amp;quot;modal-backdrop fade&amp;quot;&amp;gt; obscures it
Build info: version: &amp;apos;4.3.0&amp;apos;, revision: &amp;apos;a4995e2c09*&amp;apos;
System info: host: &amp;apos;DESKTOP-0DVQV5K&amp;apos;, ip: &amp;apos;192.168.56.1&amp;apos;, os.name: &amp;apos;Windows 10&amp;apos;, os.arch: &amp;apos;amd64&amp;apos;, os.version: &amp;apos;10.0&amp;apos;, java.version: &amp;apos;17.0.2&amp;apos;
Driver info: org.openqa.selenium.firefox.FirefoxDriver
Command: [a766f698-9e09-4c54-8001-22be82be6f14, clickElement {id=295ed685-23a3-4141-b674-f1764147c6a3}]
Capabilities {acceptInsecureCerts: true, browserName: firefox, browserVersion: 102.0.1, moz:accessibilityChecks: false, moz:buildID: 20220705093820, moz:debuggerAddress: localhost:64846, moz:geckodriverVersion: 0.31.0, moz:headless: false, moz:processID: 8448, moz:profile: C:\Users\YOUSEF~1\AppData\L..., moz:shutdownTimeout: 60000, moz:useNonSpecCompliantPointerOrigin: false, moz:webdriverClick: true, moz:windowless: false, pageLoadStrategy: normal, platformName: WINDOWS, platformVersion: 10.0, proxy: Proxy(), se:cdp: ws://localhost:64846/devtoo..., se:cdpVersion: 85.0, setWindowRect: true, strictFileInteractability: false, timeouts: {implicit: 0, pageLoad: 300000, script: 30000}, unhandledPromptBehavior: dismiss and notify}
Element: [[FirefoxDriver: firefox on WINDOWS (a766f698-9e09-4c54-8001-22be82be6f14)] -&amp;gt; xpath: //span[@id=&amp;apos;oj-select-1_selected&amp;apos;]]
Session ID: a766f698-9e09-4c54-8001-22be82be6f14">
      <![CDATA[org.openqa.selenium.ElementClickInterceptedException: Element <span id="oj-select-1_selected" class="oj-select-chosen oj-select-default"> is not clickable at point (177,193) because another element <div class="modal-backdrop fade"> obscures it
Build info: version: '4.3.0', revision: 'a4995e2c09*'
System info: host: 'DESKTOP-0DVQV5K', ip: '192.168.56.1', os.name: 'Windows 10', os.arch: 'amd64', os.version: '10.0', java.version: '17.0.2'
Driver info: org.openqa.selenium.firefox.FirefoxDriver
Command: [a766f698-9e09-4c54-8001-22be82be6f14, clickElement {id=295ed685-23a3-4141-b674-f1764147c6a3}]
Capabilities {acceptInsecureCerts: true, browserName: firefox, browserVersion: 102.0.1, moz:accessibilityChecks: false, moz:buildID: 20220705093820, moz:debuggerAddress: localhost:64846, moz:geckodriverVersion: 0.31.0, moz:headless: false, moz:processID: 8448, moz:profile: C:\Users\YOUSEF~1\AppData\L..., moz:shutdownTimeout: 60000, moz:useNonSpecCompliantPointerOrigin: false, moz:webdriverClick: true, moz:windowless: false, pageLoadStrategy: normal, platformName: WINDOWS, platformVersion: 10.0, proxy: Proxy(), se:cdp: ws://localhost:64846/devtoo..., se:cdpVersion: 85.0, setWindowRect: true, strictFileInteractability: false, timeouts: {implicit: 0, pageLoad: 300000, script: 30000}, unhandledPromptBehavior: dismiss and notify}
Element: [[FirefoxDriver: firefox on WINDOWS (a766f698-9e09-4c54-8001-22be82be6f14)] -> xpath: //span[@id='oj-select-1_selected']]
Session ID: a766f698-9e09-4c54-8001-22be82be6f14
at org.openqa.selenium.remote.codec.w3c.W3CHttpResponseCodec.createException(W3CHttpResponseCodec.java:200)
at org.openqa.selenium.remote.codec.w3c.W3CHttpResponseCodec.decode(W3CHttpResponseCodec.java:133)
at org.openqa.selenium.remote.codec.w3c.W3CHttpResponseCodec.decode(W3CHttpResponseCodec.java:53)
at org.openqa.selenium.remote.HttpCommandExecutor.execute(HttpCommandExecutor.java:184)
at org.openqa.selenium.remote.service.DriverCommandExecutor.invokeExecute(DriverCommandExecutor.java:167)
at org.openqa.selenium.remote.service.DriverCommandExecutor.execute(DriverCommandExecutor.java:142)
at org.openqa.selenium.remote.RemoteWebDriver.execute(RemoteWebDriver.java:569)
at org.openqa.selenium.remote.RemoteWebElement.execute(RemoteWebElement.java:257)
at org.openqa.selenium.remote.RemoteWebElement.click(RemoteWebElement.java:78)
at org.openqa.selenium.support.pagefactory.internal.LocatingElementHandler.invoke(LocatingElementHandler.java:52)
at jdk.proxy2/jdk.proxy2.$Proxy18.click(Unknown Source)
at Pages.PageBase.ClickButton(PageBase.java:19)
at Pages.EmployeeRequestPage.ChoosingTheRequest(EmployeeRequestPage.java:24)
at Tests.GymRequestTest.gymrequesttest(GymRequestTest.java:33)
at java.base/java.util.ArrayList.forEach(ArrayList.java:1511)
... Removed 36 stack frames]]>
    </failure>
  </testcase> <!-- gymrequesttest -->
</testsuite> <!-- Regression Test -->
