<?xml version="1.0" encoding="UTF-8"?>
<testng-results ignored="0" total="1" passed="1" failed="0" skipped="0">
  <reporter-output>
  </reporter-output>
  <suite started-at="2022-07-24T10:52:15 EET" name="Default suite" finished-at="2022-07-24T10:53:15 EET" duration-ms="59645">
    <groups>
    </groups>
    <test started-at="2022-07-24T10:52:15 EET" name="Default test" finished-at="2022-07-24T10:53:15 EET" duration-ms="59645">
      <class name="Tests.GymRequestTest">
        <test-method is-config="true" signature="startDriver(java.lang.String)[pri:0, instance:Tests.GymRequestTest@4f80542f]" started-at="2022-07-24T10:52:10 EET" name="startDriver" finished-at="2022-07-24T10:52:15 EET" duration-ms="4882" status="PASS">
          <params>
            <param index="0">
              <value>
                <![CDATA[firefox]]>
              </value>
            </param>
          </params>
          <reporter-output>
          </reporter-output>
        </test-method> <!-- startDriver -->
        <test-method signature="gymrequesttest()[pri:0, instance:Tests.GymRequestTest@4f80542f]" started-at="2022-07-24T10:52:15 EET" name="gymrequesttest" finished-at="2022-07-24T10:53:15 EET" duration-ms="59618" status="PASS">
          <reporter-output>
          </reporter-output>
        </test-method> <!-- gymrequesttest -->
        <test-method is-config="true" signature="screenshotOnFailure(org.testng.ITestResult)[pri:0, instance:Tests.GymRequestTest@4f80542f]" started-at="2022-07-24T10:53:15 EET" name="screenshotOnFailure" finished-at="2022-07-24T10:53:15 EET" duration-ms="1" status="PASS">
          <params>
            <param index="0">
              <value>
                <![CDATA[[TestResult name=gymrequesttest status=SUCCESS method=GymRequestTest.gymrequesttest()[pri:0, instance:Tests.GymRequestTest@4f80542f] output={null}]]]>
              </value>
            </param>
          </params>
          <reporter-output>
          </reporter-output>
        </test-method> <!-- screenshotOnFailure -->
        <test-method is-config="true" signature="stopDriver()[pri:0, instance:Tests.GymRequestTest@4f80542f]" started-at="2022-07-24T10:53:15 EET" name="stopDriver" finished-at="2022-07-24T10:53:16 EET" duration-ms="1033" status="PASS">
          <reporter-output>
          </reporter-output>
        </test-method> <!-- stopDriver -->
      </class> <!-- Tests.GymRequestTest -->
    </test> <!-- Default test -->
  </suite> <!-- Default suite -->
</testng-results>
